{
  "RSpec": {
    "coverage": {
      "/Users/lillalomnicka/Rubycamp/monteCinema-api/app/models/user.rb": {
        "lines": [
          null,
          null,
          1,
          null,
          1,
          1,
          1,
          1,
          null,
          1,
          null,
          1,
          null,
          1,
          9,
          null,
          null
        ]
      },
      "/Users/lillalomnicka/Rubycamp/monteCinema-api/app/models/application_record.rb": {
        "lines": [
          null,
          null,
          1,
          1,
          null
        ]
      },
      "/Users/lillalomnicka/Rubycamp/monteCinema-api/app/models/movie.rb": {
        "lines": [
          null,
          null,
          1,
          1,
          1,
          1,
          1,
          null,
          null
        ]
      },
      "/Users/lillalomnicka/Rubycamp/monteCinema-api/app/models/role.rb": {
        "lines": [
          null,
          null,
          1,
          1,
          null
        ]
      },
      "/Users/lillalomnicka/Rubycamp/monteCinema-api/app/controllers/application_controller.rb": {
        "lines": [
          null,
          null,
          1,
          1,
          null,
          1,
          1,
          null,
          1,
          null,
          1,
          9,
          null,
          null
        ]
      },
      "/Users/lillalomnicka/Rubycamp/monteCinema-api/app/controllers/movies_controller.rb": {
        "lines": [
          null,
          null,
          1,
          1,
          null,
          1,
          2,
          null,
          null,
          1,
          null,
          1,
          4,
          3,
          null,
          1,
          null,
          null,
          1,
          3,
          2,
          null,
          0,
          null,
          1,
          null,
          null,
          1,
          null,
          1,
          7,
          null,
          null
        ]
      },
      "/Users/lillalomnicka/Rubycamp/monteCinema-api/app/concepcts/movies/representers/multiple.rb": {
        "lines": [
          null,
          null,
          1,
          1,
          1,
          1,
          2,
          null,
          null,
          1,
          2,
          2,
          null,
          null,
          null,
          1,
          null,
          1,
          null,
          null,
          null
        ]
      },
      "/Users/lillalomnicka/Rubycamp/monteCinema-api/app/concepcts/movies/use_cases/show_all.rb": {
        "lines": [
          null,
          null,
          1,
          1,
          1,
          1,
          2,
          null,
          null,
          1,
          2,
          null,
          null,
          null,
          null
        ]
      },
      "/Users/lillalomnicka/Rubycamp/monteCinema-api/app/concepcts/movies/movie_repository.rb": {
        "lines": [
          null,
          null,
          1,
          1,
          1,
          null,
          1,
          9,
          null,
          null,
          1,
          2,
          null,
          null,
          1,
          3,
          null,
          null,
          1,
          4,
          null,
          null,
          1,
          2,
          null,
          null,
          null
        ]
      },
      "/Users/lillalomnicka/Rubycamp/monteCinema-api/app/concepcts/movies/representers/single.rb": {
        "lines": [
          null,
          null,
          1,
          1,
          1,
          1,
          7,
          null,
          null,
          1,
          null,
          7,
          null,
          null,
          null,
          null,
          null,
          null,
          null,
          1,
          null,
          1,
          null,
          null,
          null
        ]
      },
      "/Users/lillalomnicka/Rubycamp/monteCinema-api/app/concepcts/movies/use_cases/create.rb": {
        "lines": [
          null,
          null,
          1,
          1,
          1,
          1,
          4,
          4,
          null,
          null,
          1,
          4,
          null,
          null,
          1,
          null,
          1,
          null,
          null,
          null
        ]
      },
      "/Users/lillalomnicka/Rubycamp/monteCinema-api/app/concepcts/movies/use_cases/update.rb": {
        "lines": [
          null,
          null,
          1,
          1,
          1,
          1,
          3,
          3,
          3,
          null,
          null,
          1,
          3,
          2,
          null,
          null,
          1,
          null,
          1,
          null,
          null,
          null
        ]
      },
      "/Users/lillalomnicka/Rubycamp/monteCinema-api/app/concepcts/cinema_halls/representers/single.rb": {
        "lines": [
          null,
          null,
          0,
          0,
          0,
          0,
          0,
          0,
          null,
          0,
          0,
          0,
          0,
          0,
          0,
          0,
          null,
          0,
          null,
          0,
          0,
          0,
          0
        ],
        "branches": {
        }
      },
      "/Users/lillalomnicka/Rubycamp/monteCinema-api/app/concepcts/cinema_halls/representers/multiple.rb": {
        "lines": [
          null,
          null,
          0,
          0,
          0,
          0,
          0,
          0,
          null,
          0,
          0,
          0,
          0,
          0,
          null,
          0,
          null,
          0,
          0,
          0,
          0
        ],
        "branches": {
        }
      },
      "/Users/lillalomnicka/Rubycamp/monteCinema-api/app/concepcts/cinema_halls/use_cases/show_all.rb": {
        "lines": [
          null,
          null,
          0,
          0,
          0,
          0,
          0,
          0,
          null,
          0,
          0,
          0,
          0,
          0,
          0
        ],
        "branches": {
        }
      },
      "/Users/lillalomnicka/Rubycamp/monteCinema-api/app/concepcts/cinema_halls/use_cases/create.rb": {
        "lines": [
          null,
          null,
          0,
          0,
          0,
          0,
          0,
          0,
          0,
          null,
          0,
          0,
          0,
          null,
          0,
          null,
          0,
          0,
          0,
          0
        ],
        "branches": {
        }
      },
      "/Users/lillalomnicka/Rubycamp/monteCinema-api/app/concepcts/cinema_halls/use_cases/update.rb": {
        "lines": [
          null,
          null,
          0,
          0,
          0,
          null,
          0,
          0,
          0,
          0,
          0,
          null,
          0,
          0,
          0,
          0,
          null,
          0,
          null,
          0,
          0,
          0,
          0
        ],
        "branches": {
        }
      },
      "/Users/lillalomnicka/Rubycamp/monteCinema-api/app/concepcts/cinema_halls/use_cases/show.rb": {
        "lines": [
          null,
          null,
          0,
          0,
          0,
          0,
          0,
          0,
          0,
          null,
          0,
          0,
          0,
          null,
          0,
          null,
          0,
          0,
          0,
          0
        ],
        "branches": {
        }
      },
      "/Users/lillalomnicka/Rubycamp/monteCinema-api/app/concepcts/cinema_halls/cinema_hall_repository.rb": {
        "lines": [
          null,
          null,
          0,
          0,
          0,
          null,
          0,
          0,
          0,
          null,
          0,
          0,
          0,
          null,
          0,
          0,
          0,
          null,
          0,
          0,
          0,
          null,
          0,
          0,
          0,
          0,
          0
        ],
        "branches": {
        }
      },
      "/Users/lillalomnicka/Rubycamp/monteCinema-api/app/mailers/application_mailer.rb": {
        "lines": [
          null,
          null,
          0,
          0,
          0,
          0
        ],
        "branches": {
        }
      },
      "/Users/lillalomnicka/Rubycamp/monteCinema-api/app/models/ticket_type.rb": {
        "lines": [
          null,
          null,
          0,
          0,
          0,
          0
        ],
        "branches": {
        }
      },
      "/Users/lillalomnicka/Rubycamp/monteCinema-api/app/models/screening.rb": {
        "lines": [
          null,
          null,
          0,
          0,
          0,
          0,
          0
        ],
        "branches": {
        }
      },
      "/Users/lillalomnicka/Rubycamp/monteCinema-api/app/models/cinema_hall.rb": {
        "lines": [
          null,
          null,
          0,
          0,
          0,
          0,
          0,
          0
        ],
        "branches": {
        }
      },
      "/Users/lillalomnicka/Rubycamp/monteCinema-api/app/models/seat.rb": {
        "lines": [
          null,
          null,
          0,
          0,
          0
        ],
        "branches": {
        }
      },
      "/Users/lillalomnicka/Rubycamp/monteCinema-api/app/models/reservations_seats.rb": {
        "lines": [
          null,
          null,
          0,
          0,
          0,
          0
        ],
        "branches": {
        }
      },
      "/Users/lillalomnicka/Rubycamp/monteCinema-api/app/models/reservation.rb": {
        "lines": [
          null,
          null,
          0,
          0,
          0,
          0,
          0
        ],
        "branches": {
        }
      },
      "/Users/lillalomnicka/Rubycamp/monteCinema-api/app/jobs/application_job.rb": {
        "lines": [
          null,
          null,
          0,
          null,
          null,
          null,
          null,
          null,
          0
        ],
        "branches": {
        }
      },
      "/Users/lillalomnicka/Rubycamp/monteCinema-api/app/controllers/reservations_controller.rb": {
        "lines": [
          null,
          null,
          0,
          0,
          null,
          0,
          0,
          null,
          0,
          0,
          null,
          0,
          0,
          0,
          null,
          0,
          0,
          0,
          0,
          0,
          0,
          0,
          0,
          0,
          0,
          0,
          0,
          0,
          0,
          null,
          0,
          null,
          0,
          0,
          0,
          null,
          0,
          0,
          0,
          null,
          0,
          0,
          0,
          null,
          0,
          0,
          0,
          0,
          0,
          0,
          0,
          0,
          0,
          null,
          0,
          0,
          0,
          0
        ],
        "branches": {
        }
      },
      "/Users/lillalomnicka/Rubycamp/monteCinema-api/app/controllers/cinema_halls_controller.rb": {
        "lines": [
          null,
          null,
          0,
          0,
          null,
          0,
          0,
          0,
          null,
          0,
          0,
          0,
          0,
          null,
          0,
          0,
          0,
          0,
          0,
          0,
          null,
          0,
          0,
          0,
          0,
          0,
          0,
          0,
          0,
          null,
          0,
          null,
          0,
          0,
          0,
          0
        ],
        "branches": {
        }
      },
      "/Users/lillalomnicka/Rubycamp/monteCinema-api/app/controllers/screenings_controller.rb": {
        "lines": [
          null,
          null,
          0,
          0,
          0,
          0,
          0,
          0,
          0,
          null,
          0,
          0,
          0,
          0,
          0,
          null,
          0,
          0,
          0,
          0,
          0,
          0,
          0,
          0,
          null,
          0,
          0,
          0,
          0,
          0,
          0,
          0,
          0,
          0,
          null,
          0,
          0,
          0,
          null,
          0,
          null,
          0,
          0,
          0,
          null,
          0,
          0,
          0,
          0,
          0,
          0,
          0,
          0,
          0
        ],
        "branches": {
        }
      },
      "/Users/lillalomnicka/Rubycamp/monteCinema-api/app/controllers/seats_controller.rb": {
        "lines": [
          null,
          null,
          0,
          0,
          0,
          null,
          0,
          0,
          0,
          0,
          null,
          0,
          0,
          0,
          null,
          0,
          0,
          0,
          0,
          null,
          0,
          null,
          0,
          0,
          0,
          null,
          0,
          0,
          0,
          0
        ],
        "branches": {
        }
      },
      "/Users/lillalomnicka/Rubycamp/monteCinema-api/app/services/assign_seats.rb": {
        "lines": [
          null,
          null,
          0,
          0,
          0,
          0,
          0,
          0,
          null,
          0,
          0,
          null,
          0,
          0,
          0,
          0,
          null,
          0,
          0,
          0,
          0,
          0
        ],
        "branches": {
        }
      },
      "/Users/lillalomnicka/Rubycamp/monteCinema-api/app/services/reserved_seats.rb": {
        "lines": [
          null,
          null,
          0,
          0,
          0,
          0,
          null,
          0,
          0,
          0,
          null,
          0,
          null,
          0,
          0,
          0,
          0
        ],
        "branches": {
        }
      },
      "/Users/lillalomnicka/Rubycamp/monteCinema-api/app/services/generate_seats.rb": {
        "lines": [
          null,
          null,
          0,
          0,
          0,
          0,
          0,
          null,
          0,
          0,
          0,
          0,
          0,
          0,
          0,
          0,
          0,
          0,
          0,
          0,
          0,
          0,
          null,
          0,
          null,
          0,
          0,
          0,
          0,
          0,
          0,
          0,
          0
        ],
        "branches": {
        }
      },
      "/Users/lillalomnicka/Rubycamp/monteCinema-api/app/channels/application_cable/connection.rb": {
        "lines": [
          null,
          null,
          0,
          0,
          0,
          0
        ],
        "branches": {
        }
      },
      "/Users/lillalomnicka/Rubycamp/monteCinema-api/app/channels/application_cable/channel.rb": {
        "lines": [
          null,
          null,
          0,
          0,
          0,
          0
        ],
        "branches": {
        }
      }
    },
    "timestamp": 1630312868
  }
}
